0 info it worked if it ends with ok
1 verbose cli [ 'D:\\Program Files\\nodejs\\node.exe',
1 verbose cli   'D:\\Program Files\\nodejs\\node_modules\\npm\\bin\\npm-cli.js',
1 verbose cli   'start' ]
2 info using npm@3.10.10
3 info using node@v6.11.4
4 verbose run-script [ 'prestart', 'start', 'poststart' ]
5 info lifecycle react1706@1.0.0~prestart: react1706@1.0.0
6 silly lifecycle react1706@1.0.0~prestart: no script for prestart, continuing
7 info lifecycle react1706@1.0.0~start: react1706@1.0.0
8 verbose lifecycle react1706@1.0.0~start: unsafe-perm in lifecycle true
9 verbose lifecycle react1706@1.0.0~start: PATH: D:\Program Files\nodejs\node_modules\npm\bin\node-gyp-bin;D:\program\postBar\node_modules\.bin;C:\ProgramData\Oracle\Java\javapath;C:\WINDOWS\system32;C:\WINDOWS;C:\WINDOWS\System32\Wbem;C:\WINDOWS\System32\WindowsPowerShell\v1.0\;D:\Program Files\MySQL\MySQL Server 5.5\bin;C:\Program Files\Java\jdk1.8.0_66\jre\bin;C:\Program Files\Java\jdk1.8.0_66\bin;D:\sdk1\platform-tools;C:\Program Files\apache-maven-3.5.0\bin;D:\Program Files\Git\cmd;D:\Program Files\nodejs\;D:\MongoDB\Server\3.4\bin;C:\Users\朱洪栏\AppData\Local\Yarn\bin;C:;Program Files\TortoiseSVN\bin;C:\Program Files\Git\cmd;C:\WINDOWS\System32\OpenSSH\;D:\Ruby23-x64\bin;C:\Users\朱洪栏\AppData\Local\Microsoft\WindowsApps;D:\Program Files\Java\jdk1.8.0_66\bin;D:\Program Files\Microsoft VS Code\bin;C:\Users\朱洪栏\AppData\Roaming\npm;C:\Users\朱洪栏\AppData\Local\Yarn\bin;;C:\Users\朱洪栏\AppData\Local\Programs\Fiddler;%USERPROFILE%\AppData\Local\Microsoft\WindowsApps
10 verbose lifecycle react1706@1.0.0~start: CWD: D:\program\postBar
11 silly lifecycle react1706@1.0.0~start: Args: [ '/d /s /c',
11 silly lifecycle   'webpack-dev-server --inline --hot --history-api-fallback' ]
12 verbose stack Error: kill ENOSYS
12 verbose stack     at Object.exports._errnoException (util.js:1020:11)
12 verbose stack     at process.kill (internal/process.js:191:18)
12 verbose stack     at process.listener (D:\Program Files\nodejs\node_modules\npm\node_modules\npmlog\node_modules\gauge\node_modules\signal-exit\index.js:86:15)
12 verbose stack     at emitNone (events.js:91:20)
12 verbose stack     at process.emit (events.js:185:7)
12 verbose stack     at processEmit (D:\Program Files\nodejs\node_modules\npm\node_modules\npmlog\node_modules\gauge\node_modules\signal-exit\index.js:146:32)
12 verbose stack     at processEmit (D:\Program Files\nodejs\node_modules\npm\node_modules\npm-registry-client\node_modules\npmlog\node_modules\gauge\node_modules\signal-exit\index.js:146:32)
12 verbose stack     at Signal.wrap.onsignal (internal/process.js:217:44)
13 verbose cwd D:\program\postBar
14 error Windows_NT 10.0.17763
15 error argv "D:\\Program Files\\nodejs\\node.exe" "D:\\Program Files\\nodejs\\node_modules\\npm\\bin\\npm-cli.js" "start"
16 error node v6.11.4
17 error npm  v3.10.10
18 error code ENOSYS
19 error errno ENOSYS
20 error syscall kill
21 error kill ENOSYS
22 error If you need help, you may report this error at:
22 error     <https://github.com/npm/npm/issues>
23 verbose exit [ 1, true ]
